2022-10-09 12:01:38.972  INFO 5328 --- [restartedMain] com.lvxiaomin.MelonApplication           : Starting MelonApplication using Java 1.8.0_321 on ImMing with PID 5328 (H:\Users\75494\Desktop\melon\target\classes started by 75494 in H:\Users\75494\Desktop\melon)
2022-10-09 12:01:38.973  INFO 5328 --- [restartedMain] com.lvxiaomin.MelonApplication           : No active profile set, falling back to 1 default profile: "default"
2022-10-09 12:01:39.007  INFO 5328 --- [restartedMain] .e.DevToolsPropertyDefaultsPostProcessor : Devtools property defaults active! Set 'spring.devtools.add-properties' to 'false' to disable
2022-10-09 12:01:39.007  INFO 5328 --- [restartedMain] .e.DevToolsPropertyDefaultsPostProcessor : For additional web related logging consider setting the 'logging.level.web' property to 'DEBUG'
2022-10-09 12:01:39.732  INFO 5328 --- [restartedMain] .s.d.r.c.RepositoryConfigurationDelegate : Multiple Spring Data modules found, entering strict repository configuration mode
2022-10-09 12:01:39.735  INFO 5328 --- [restartedMain] .s.d.r.c.RepositoryConfigurationDelegate : Bootstrapping Spring Data Redis repositories in DEFAULT mode.
2022-10-09 12:01:39.756  INFO 5328 --- [restartedMain] .s.d.r.c.RepositoryConfigurationDelegate : Finished Spring Data repository scanning in 9 ms. Found 0 Redis repository interfaces.
2022-10-09 12:01:40.277  INFO 5328 --- [restartedMain] o.s.b.w.embedded.tomcat.TomcatWebServer  : Tomcat initialized with port(s): 8081 (http)
2022-10-09 12:01:40.291  INFO 5328 --- [restartedMain] o.apache.catalina.core.StandardService   : Starting service [Tomcat]
2022-10-09 12:01:40.291  INFO 5328 --- [restartedMain] org.apache.catalina.core.StandardEngine  : Starting Servlet engine: [Apache Tomcat/9.0.65]
2022-10-09 12:01:40.354  INFO 5328 --- [restartedMain] o.a.c.c.C.[Tomcat].[localhost].[/]       : Initializing Spring embedded WebApplicationContext
2022-10-09 12:01:40.354  INFO 5328 --- [restartedMain] w.s.c.ServletWebServerApplicationContext : Root WebApplicationContext: initialization completed in 1346 ms
2022-10-09 12:01:41.989  INFO 5328 --- [restartedMain] o.s.b.d.a.OptionalLiveReloadServer       : LiveReload server is running on port 35729
2022-10-09 12:01:42.034  INFO 5328 --- [restartedMain] o.s.b.w.embedded.tomcat.TomcatWebServer  : Tomcat started on port(s): 8081 (http) with context path ''
2022-10-09 12:01:42.044  INFO 5328 --- [restartedMain] com.lvxiaomin.MelonApplication           : Started MelonApplication in 3.62 seconds (JVM running for 4.682)
2022-10-09 12:01:45.594  INFO 5328 --- [http-nio-8081-exec-1] o.a.c.c.C.[Tomcat].[localhost].[/]       : Initializing Spring DispatcherServlet 'dispatcherServlet'
2022-10-09 12:01:45.594  INFO 5328 --- [http-nio-8081-exec-1] o.s.web.servlet.DispatcherServlet        : Initializing Servlet 'dispatcherServlet'
2022-10-09 12:01:45.595  INFO 5328 --- [http-nio-8081-exec-1] o.s.web.servlet.DispatcherServlet        : Completed initialization in 1 ms
2022-10-09 12:01:45.771  INFO 5328 --- [http-nio-8081-exec-2] com.zaxxer.hikari.HikariDataSource       : HikariPool-1 - Starting...
2022-10-09 12:01:46.385  INFO 5328 --- [http-nio-8081-exec-2] com.zaxxer.hikari.HikariDataSource       : HikariPool-1 - Start completed.
2022-10-09 12:16:45.208  WARN 5328 --- [http-nio-8081-exec-7] .m.m.a.ExceptionHandlerExceptionResolver : Resolved [java.lang.NullPointerException]
2022-10-09 12:16:47.319  WARN 5328 --- [http-nio-8081-exec-8] .m.m.a.ExceptionHandlerExceptionResolver : Resolved [java.lang.NullPointerException]
2022-10-09 12:18:25.230  WARN 5328 --- [http-nio-8081-exec-10] .m.m.a.ExceptionHandlerExceptionResolver : Resolved [java.lang.NullPointerException]
2022-10-09 12:18:25.799  WARN 5328 --- [http-nio-8081-exec-1] .m.m.a.ExceptionHandlerExceptionResolver : Resolved [java.lang.NullPointerException]
2022-10-09 12:18:39.079  WARN 5328 --- [http-nio-8081-exec-2] .m.m.a.ExceptionHandlerExceptionResolver : Resolved [java.lang.NullPointerException]
2022-10-09 12:18:39.534  WARN 5328 --- [http-nio-8081-exec-3] .m.m.a.ExceptionHandlerExceptionResolver : Resolved [java.lang.NullPointerException]
2022-10-09 12:19:33.784  WARN 5328 --- [http-nio-8081-exec-4] .m.m.a.ExceptionHandlerExceptionResolver : Resolved [java.lang.NullPointerException]
2022-10-09 12:19:36.571  WARN 5328 --- [http-nio-8081-exec-5] .m.m.a.ExceptionHandlerExceptionResolver : Resolved [java.lang.NullPointerException]
2022-10-09 12:20:13.590  WARN 5328 --- [http-nio-8081-exec-6] .m.m.a.ExceptionHandlerExceptionResolver : Resolved [java.lang.NullPointerException]
2022-10-09 12:20:17.271  WARN 5328 --- [http-nio-8081-exec-7] .m.m.a.ExceptionHandlerExceptionResolver : Resolved [java.lang.NullPointerException]
2022-10-09 12:20:21.656  WARN 5328 --- [http-nio-8081-exec-8] .m.m.a.ExceptionHandlerExceptionResolver : Resolved [java.lang.NullPointerException]
2022-10-09 12:20:27.084  WARN 5328 --- [http-nio-8081-exec-9] .m.m.a.ExceptionHandlerExceptionResolver : Resolved [java.lang.NullPointerException]
2022-10-09 12:20:30.965  WARN 5328 --- [http-nio-8081-exec-10] .m.m.a.ExceptionHandlerExceptionResolver : Resolved [java.lang.NullPointerException]
2022-10-09 12:23:59.826  INFO 5328 --- [SpringApplicationShutdownHook] com.zaxxer.hikari.HikariDataSource       : HikariPool-1 - Shutdown initiated...
2022-10-09 12:23:59.831  INFO 5328 --- [SpringApplicationShutdownHook] com.zaxxer.hikari.HikariDataSource       : HikariPool-1 - Shutdown completed.
2022-10-09 12:24:13.589  INFO 15684 --- [restartedMain] com.lvxiaomin.MelonApplication           : Starting MelonApplication using Java 1.8.0_321 on ImMing with PID 15684 (H:\Users\75494\Desktop\melon\target\classes started by 75494 in H:\Users\75494\Desktop\melon)
2022-10-09 12:24:13.590  INFO 15684 --- [restartedMain] com.lvxiaomin.MelonApplication           : No active profile set, falling back to 1 default profile: "default"
2022-10-09 12:24:13.621  INFO 15684 --- [restartedMain] .e.DevToolsPropertyDefaultsPostProcessor : Devtools property defaults active! Set 'spring.devtools.add-properties' to 'false' to disable
2022-10-09 12:24:13.621  INFO 15684 --- [restartedMain] .e.DevToolsPropertyDefaultsPostProcessor : For additional web related logging consider setting the 'logging.level.web' property to 'DEBUG'
2022-10-09 12:24:14.126  INFO 15684 --- [restartedMain] .s.d.r.c.RepositoryConfigurationDelegate : Multiple Spring Data modules found, entering strict repository configuration mode
2022-10-09 12:24:14.127  INFO 15684 --- [restartedMain] .s.d.r.c.RepositoryConfigurationDelegate : Bootstrapping Spring Data Redis repositories in DEFAULT mode.
2022-10-09 12:24:14.146  INFO 15684 --- [restartedMain] .s.d.r.c.RepositoryConfigurationDelegate : Finished Spring Data repository scanning in 8 ms. Found 0 Redis repository interfaces.
2022-10-09 12:24:14.664  INFO 15684 --- [restartedMain] o.s.b.w.embedded.tomcat.TomcatWebServer  : Tomcat initialized with port(s): 8081 (http)
2022-10-09 12:24:14.672  INFO 15684 --- [restartedMain] o.apache.catalina.core.StandardService   : Starting service [Tomcat]
2022-10-09 12:24:14.672  INFO 15684 --- [restartedMain] org.apache.catalina.core.StandardEngine  : Starting Servlet engine: [Apache Tomcat/9.0.65]
2022-10-09 12:24:14.763  INFO 15684 --- [restartedMain] o.a.c.c.C.[Tomcat].[localhost].[/]       : Initializing Spring embedded WebApplicationContext
2022-10-09 12:24:14.764  INFO 15684 --- [restartedMain] w.s.c.ServletWebServerApplicationContext : Root WebApplicationContext: initialization completed in 1142 ms
2022-10-09 12:24:16.266  INFO 15684 --- [restartedMain] o.s.b.d.a.OptionalLiveReloadServer       : LiveReload server is running on port 35729
2022-10-09 12:24:16.305  INFO 15684 --- [restartedMain] o.s.b.w.embedded.tomcat.TomcatWebServer  : Tomcat started on port(s): 8081 (http) with context path ''
2022-10-09 12:24:16.313  INFO 15684 --- [restartedMain] com.lvxiaomin.MelonApplication           : Started MelonApplication in 3.137 seconds (JVM running for 4.09)
2022-10-09 12:24:24.738  INFO 15684 --- [http-nio-8081-exec-1] o.a.c.c.C.[Tomcat].[localhost].[/]       : Initializing Spring DispatcherServlet 'dispatcherServlet'
2022-10-09 12:24:24.738  INFO 15684 --- [http-nio-8081-exec-1] o.s.web.servlet.DispatcherServlet        : Initializing Servlet 'dispatcherServlet'
2022-10-09 12:24:24.738  INFO 15684 --- [http-nio-8081-exec-1] o.s.web.servlet.DispatcherServlet        : Completed initialization in 0 ms
2022-10-09 12:24:24.863  INFO 15684 --- [http-nio-8081-exec-1] com.zaxxer.hikari.HikariDataSource       : HikariPool-1 - Starting...
2022-10-09 12:24:24.972  INFO 15684 --- [http-nio-8081-exec-1] com.zaxxer.hikari.HikariDataSource       : HikariPool-1 - Start completed.
2022-10-09 12:24:25.037  WARN 15684 --- [http-nio-8081-exec-1] .m.m.a.ExceptionHandlerExceptionResolver : Resolved [org.apache.ibatis.javassist.NotFoundException: 邮箱可用！]
2022-10-09 12:24:31.338  WARN 15684 --- [http-nio-8081-exec-2] .m.m.a.ExceptionHandlerExceptionResolver : Resolved [org.apache.ibatis.javassist.NotFoundException: 邮箱可用！]
2022-10-09 12:24:42.052  WARN 15684 --- [http-nio-8081-exec-5] .m.m.a.ExceptionHandlerExceptionResolver : Resolved [org.apache.ibatis.javassist.NotFoundException: 邮箱可用！]
2022-10-09 12:25:56.146  INFO 15684 --- [SpringApplicationShutdownHook] com.zaxxer.hikari.HikariDataSource       : HikariPool-1 - Shutdown initiated...
2022-10-09 12:25:56.183  INFO 15684 --- [SpringApplicationShutdownHook] com.zaxxer.hikari.HikariDataSource       : HikariPool-1 - Shutdown completed.
2022-10-09 12:26:00.871  INFO 16496 --- [restartedMain] com.lvxiaomin.MelonApplication           : Starting MelonApplication using Java 1.8.0_321 on ImMing with PID 16496 (H:\Users\75494\Desktop\melon\target\classes started by 75494 in H:\Users\75494\Desktop\melon)
2022-10-09 12:26:00.872  INFO 16496 --- [restartedMain] com.lvxiaomin.MelonApplication           : No active profile set, falling back to 1 default profile: "default"
2022-10-09 12:26:00.922  INFO 16496 --- [restartedMain] .e.DevToolsPropertyDefaultsPostProcessor : Devtools property defaults active! Set 'spring.devtools.add-properties' to 'false' to disable
2022-10-09 12:26:00.922  INFO 16496 --- [restartedMain] .e.DevToolsPropertyDefaultsPostProcessor : For additional web related logging consider setting the 'logging.level.web' property to 'DEBUG'
2022-10-09 12:26:01.446  INFO 16496 --- [restartedMain] .s.d.r.c.RepositoryConfigurationDelegate : Multiple Spring Data modules found, entering strict repository configuration mode
2022-10-09 12:26:01.447  INFO 16496 --- [restartedMain] .s.d.r.c.RepositoryConfigurationDelegate : Bootstrapping Spring Data Redis repositories in DEFAULT mode.
2022-10-09 12:26:01.465  INFO 16496 --- [restartedMain] .s.d.r.c.RepositoryConfigurationDelegate : Finished Spring Data repository scanning in 8 ms. Found 0 Redis repository interfaces.
2022-10-09 12:26:01.928  INFO 16496 --- [restartedMain] o.s.b.w.embedded.tomcat.TomcatWebServer  : Tomcat initialized with port(s): 8081 (http)
2022-10-09 12:26:01.935  INFO 16496 --- [restartedMain] o.apache.catalina.core.StandardService   : Starting service [Tomcat]
2022-10-09 12:26:01.935  INFO 16496 --- [restartedMain] org.apache.catalina.core.StandardEngine  : Starting Servlet engine: [Apache Tomcat/9.0.65]
2022-10-09 12:26:01.989  INFO 16496 --- [restartedMain] o.a.c.c.C.[Tomcat].[localhost].[/]       : Initializing Spring embedded WebApplicationContext
2022-10-09 12:26:01.989  INFO 16496 --- [restartedMain] w.s.c.ServletWebServerApplicationContext : Root WebApplicationContext: initialization completed in 1066 ms
2022-10-09 12:26:03.420  INFO 16496 --- [restartedMain] o.s.b.d.a.OptionalLiveReloadServer       : LiveReload server is running on port 35729
2022-10-09 12:26:03.452  INFO 16496 --- [restartedMain] o.s.b.w.embedded.tomcat.TomcatWebServer  : Tomcat started on port(s): 8081 (http) with context path ''
2022-10-09 12:26:03.460  INFO 16496 --- [restartedMain] com.lvxiaomin.MelonApplication           : Started MelonApplication in 3.056 seconds (JVM running for 3.918)
2022-10-09 12:26:13.551  INFO 16496 --- [http-nio-8081-exec-1] o.a.c.c.C.[Tomcat].[localhost].[/]       : Initializing Spring DispatcherServlet 'dispatcherServlet'
2022-10-09 12:26:13.551  INFO 16496 --- [http-nio-8081-exec-1] o.s.web.servlet.DispatcherServlet        : Initializing Servlet 'dispatcherServlet'
2022-10-09 12:26:13.552  INFO 16496 --- [http-nio-8081-exec-1] o.s.web.servlet.DispatcherServlet        : Completed initialization in 1 ms
2022-10-09 12:26:13.664  INFO 16496 --- [http-nio-8081-exec-1] com.zaxxer.hikari.HikariDataSource       : HikariPool-1 - Starting...
2022-10-09 12:26:13.755  INFO 16496 --- [http-nio-8081-exec-1] com.zaxxer.hikari.HikariDataSource       : HikariPool-1 - Start completed.
2022-10-09 12:26:13.806  WARN 16496 --- [http-nio-8081-exec-1] .m.m.a.ExceptionHandlerExceptionResolver : Resolved [org.apache.ibatis.javassist.NotFoundException: 邮箱可用！]
2022-10-09 12:26:50.402  INFO 16496 --- [SpringApplicationShutdownHook] com.zaxxer.hikari.HikariDataSource       : HikariPool-1 - Shutdown initiated...
2022-10-09 12:26:50.411  INFO 16496 --- [SpringApplicationShutdownHook] com.zaxxer.hikari.HikariDataSource       : HikariPool-1 - Shutdown completed.
2022-10-09 12:26:54.931  INFO 17136 --- [restartedMain] com.lvxiaomin.MelonApplication           : Starting MelonApplication using Java 1.8.0_321 on ImMing with PID 17136 (H:\Users\75494\Desktop\melon\target\classes started by 75494 in H:\Users\75494\Desktop\melon)
2022-10-09 12:26:54.932  INFO 17136 --- [restartedMain] com.lvxiaomin.MelonApplication           : No active profile set, falling back to 1 default profile: "default"
2022-10-09 12:26:54.975  INFO 17136 --- [restartedMain] .e.DevToolsPropertyDefaultsPostProcessor : Devtools property defaults active! Set 'spring.devtools.add-properties' to 'false' to disable
2022-10-09 12:26:54.975  INFO 17136 --- [restartedMain] .e.DevToolsPropertyDefaultsPostProcessor : For additional web related logging consider setting the 'logging.level.web' property to 'DEBUG'
2022-10-09 12:26:55.678  INFO 17136 --- [restartedMain] .s.d.r.c.RepositoryConfigurationDelegate : Multiple Spring Data modules found, entering strict repository configuration mode
2022-10-09 12:26:55.680  INFO 17136 --- [restartedMain] .s.d.r.c.RepositoryConfigurationDelegate : Bootstrapping Spring Data Redis repositories in DEFAULT mode.
2022-10-09 12:26:55.707  INFO 17136 --- [restartedMain] .s.d.r.c.RepositoryConfigurationDelegate : Finished Spring Data repository scanning in 10 ms. Found 0 Redis repository interfaces.
2022-10-09 12:26:56.317  INFO 17136 --- [restartedMain] o.s.b.w.embedded.tomcat.TomcatWebServer  : Tomcat initialized with port(s): 8081 (http)
2022-10-09 12:26:56.326  INFO 17136 --- [restartedMain] o.apache.catalina.core.StandardService   : Starting service [Tomcat]
2022-10-09 12:26:56.326  INFO 17136 --- [restartedMain] org.apache.catalina.core.StandardEngine  : Starting Servlet engine: [Apache Tomcat/9.0.65]
2022-10-09 12:26:56.402  INFO 17136 --- [restartedMain] o.a.c.c.C.[Tomcat].[localhost].[/]       : Initializing Spring embedded WebApplicationContext
2022-10-09 12:26:56.402  INFO 17136 --- [restartedMain] w.s.c.ServletWebServerApplicationContext : Root WebApplicationContext: initialization completed in 1426 ms
2022-10-09 12:26:58.102  INFO 17136 --- [restartedMain] o.s.b.d.a.OptionalLiveReloadServer       : LiveReload server is running on port 35729
2022-10-09 12:26:58.139  INFO 17136 --- [restartedMain] o.s.b.w.embedded.tomcat.TomcatWebServer  : Tomcat started on port(s): 8081 (http) with context path ''
2022-10-09 12:26:58.148  INFO 17136 --- [restartedMain] com.lvxiaomin.MelonApplication           : Started MelonApplication in 3.66 seconds (JVM running for 5.335)
2022-10-09 12:27:06.857  INFO 17136 --- [http-nio-8081-exec-1] o.a.c.c.C.[Tomcat].[localhost].[/]       : Initializing Spring DispatcherServlet 'dispatcherServlet'
2022-10-09 12:27:06.857  INFO 17136 --- [http-nio-8081-exec-1] o.s.web.servlet.DispatcherServlet        : Initializing Servlet 'dispatcherServlet'
2022-10-09 12:27:06.857  INFO 17136 --- [http-nio-8081-exec-1] o.s.web.servlet.DispatcherServlet        : Completed initialization in 0 ms
2022-10-09 12:30:44.802  INFO 17136 --- [http-nio-8081-exec-1] com.zaxxer.hikari.HikariDataSource       : HikariPool-1 - Starting...
2022-10-09 12:30:44.921  INFO 17136 --- [http-nio-8081-exec-1] com.zaxxer.hikari.HikariDataSource       : HikariPool-1 - Start completed.
2022-10-09 12:30:45.016  WARN 17136 --- [http-nio-8081-exec-7] .m.m.a.ExceptionHandlerExceptionResolver : Resolved [org.apache.ibatis.javassist.NotFoundException: 邮箱不可用！]
2022-10-09 12:30:45.016  WARN 17136 --- [http-nio-8081-exec-3] .m.m.a.ExceptionHandlerExceptionResolver : Resolved [org.apache.ibatis.javassist.NotFoundException: 邮箱可用！]
2022-10-09 12:30:45.016  WARN 17136 --- [http-nio-8081-exec-1] .m.m.a.ExceptionHandlerExceptionResolver : Resolved [org.apache.ibatis.javassist.NotFoundException: 邮箱可用！]
2022-10-09 12:30:45.016  WARN 17136 --- [http-nio-8081-exec-5] .m.m.a.ExceptionHandlerExceptionResolver : Resolved [org.apache.ibatis.javassist.NotFoundException: 邮箱不可用！]
2022-10-09 12:30:45.016  WARN 17136 --- [http-nio-8081-exec-6] .m.m.a.ExceptionHandlerExceptionResolver : Resolved [org.apache.ibatis.javassist.NotFoundException: 邮箱不可用！]
2022-10-09 12:30:45.016  WARN 17136 --- [http-nio-8081-exec-2] .m.m.a.ExceptionHandlerExceptionResolver : Resolved [org.apache.ibatis.javassist.NotFoundException: 邮箱可用！]
2022-10-09 12:30:45.016  WARN 17136 --- [http-nio-8081-exec-4] .m.m.a.ExceptionHandlerExceptionResolver : Resolved [org.apache.ibatis.javassist.NotFoundException: 邮箱不可用！]
2022-10-09 12:30:45.133  INFO 17136 --- [SpringApplicationShutdownHook] com.zaxxer.hikari.HikariDataSource       : HikariPool-1 - Shutdown initiated...
2022-10-09 12:30:45.141  INFO 17136 --- [SpringApplicationShutdownHook] com.zaxxer.hikari.HikariDataSource       : HikariPool-1 - Shutdown completed.
2022-10-09 12:30:51.401  INFO 9236 --- [restartedMain] com.lvxiaomin.MelonApplication           : Starting MelonApplication using Java 1.8.0_321 on ImMing with PID 9236 (H:\Users\75494\Desktop\melon\target\classes started by 75494 in H:\Users\75494\Desktop\melon)
2022-10-09 12:30:51.403  INFO 9236 --- [restartedMain] com.lvxiaomin.MelonApplication           : No active profile set, falling back to 1 default profile: "default"
2022-10-09 12:30:51.439  INFO 9236 --- [restartedMain] .e.DevToolsPropertyDefaultsPostProcessor : Devtools property defaults active! Set 'spring.devtools.add-properties' to 'false' to disable
2022-10-09 12:30:51.440  INFO 9236 --- [restartedMain] .e.DevToolsPropertyDefaultsPostProcessor : For additional web related logging consider setting the 'logging.level.web' property to 'DEBUG'
2022-10-09 12:30:52.031  INFO 9236 --- [restartedMain] .s.d.r.c.RepositoryConfigurationDelegate : Multiple Spring Data modules found, entering strict repository configuration mode
2022-10-09 12:30:52.033  INFO 9236 --- [restartedMain] .s.d.r.c.RepositoryConfigurationDelegate : Bootstrapping Spring Data Redis repositories in DEFAULT mode.
2022-10-09 12:30:52.054  INFO 9236 --- [restartedMain] .s.d.r.c.RepositoryConfigurationDelegate : Finished Spring Data repository scanning in 9 ms. Found 0 Redis repository interfaces.
2022-10-09 12:30:52.609  INFO 9236 --- [restartedMain] o.s.b.w.embedded.tomcat.TomcatWebServer  : Tomcat initialized with port(s): 8081 (http)
2022-10-09 12:30:52.616  INFO 9236 --- [restartedMain] o.apache.catalina.core.StandardService   : Starting service [Tomcat]
2022-10-09 12:30:52.617  INFO 9236 --- [restartedMain] org.apache.catalina.core.StandardEngine  : Starting Servlet engine: [Apache Tomcat/9.0.65]
2022-10-09 12:30:52.688  INFO 9236 --- [restartedMain] o.a.c.c.C.[Tomcat].[localhost].[/]       : Initializing Spring embedded WebApplicationContext
2022-10-09 12:30:52.688  INFO 9236 --- [restartedMain] w.s.c.ServletWebServerApplicationContext : Root WebApplicationContext: initialization completed in 1248 ms
2022-10-09 12:30:54.375  INFO 9236 --- [restartedMain] o.s.b.d.a.OptionalLiveReloadServer       : LiveReload server is running on port 35729
2022-10-09 12:30:54.427  INFO 9236 --- [restartedMain] o.s.b.w.embedded.tomcat.TomcatWebServer  : Tomcat started on port(s): 8081 (http) with context path ''
2022-10-09 12:30:54.444  INFO 9236 --- [restartedMain] com.lvxiaomin.MelonApplication           : Started MelonApplication in 3.513 seconds (JVM running for 4.631)
2022-10-09 12:31:00.822  INFO 9236 --- [http-nio-8081-exec-2] o.a.c.c.C.[Tomcat].[localhost].[/]       : Initializing Spring DispatcherServlet 'dispatcherServlet'
2022-10-09 12:31:00.822  INFO 9236 --- [http-nio-8081-exec-2] o.s.web.servlet.DispatcherServlet        : Initializing Servlet 'dispatcherServlet'
2022-10-09 12:31:00.824  INFO 9236 --- [http-nio-8081-exec-2] o.s.web.servlet.DispatcherServlet        : Completed initialization in 2 ms
2022-10-09 12:31:17.919  INFO 9236 --- [http-nio-8081-exec-1] com.zaxxer.hikari.HikariDataSource       : HikariPool-1 - Starting...
2022-10-09 12:31:18.044  INFO 9236 --- [http-nio-8081-exec-1] com.zaxxer.hikari.HikariDataSource       : HikariPool-1 - Start completed.
2022-10-09 12:31:21.460  WARN 9236 --- [http-nio-8081-exec-1] .m.m.a.ExceptionHandlerExceptionResolver : Resolved [org.apache.ibatis.javassist.NotFoundException: 邮箱不可用！]
2022-10-09 12:31:21.460  WARN 9236 --- [http-nio-8081-exec-2] .m.m.a.ExceptionHandlerExceptionResolver : Resolved [org.apache.ibatis.javassist.NotFoundException: 邮箱不可用！]
2022-10-09 12:31:21.784  INFO 9236 --- [SpringApplicationShutdownHook] com.zaxxer.hikari.HikariDataSource       : HikariPool-1 - Shutdown initiated...
2022-10-09 12:31:21.793  INFO 9236 --- [SpringApplicationShutdownHook] com.zaxxer.hikari.HikariDataSource       : HikariPool-1 - Shutdown completed.
2022-10-09 12:31:25.409  INFO 14080 --- [restartedMain] com.lvxiaomin.MelonApplication           : Starting MelonApplication using Java 1.8.0_321 on ImMing with PID 14080 (H:\Users\75494\Desktop\melon\target\classes started by 75494 in H:\Users\75494\Desktop\melon)
2022-10-09 12:31:25.410  INFO 14080 --- [restartedMain] com.lvxiaomin.MelonApplication           : No active profile set, falling back to 1 default profile: "default"
2022-10-09 12:31:25.441  INFO 14080 --- [restartedMain] .e.DevToolsPropertyDefaultsPostProcessor : Devtools property defaults active! Set 'spring.devtools.add-properties' to 'false' to disable
2022-10-09 12:31:25.441  INFO 14080 --- [restartedMain] .e.DevToolsPropertyDefaultsPostProcessor : For additional web related logging consider setting the 'logging.level.web' property to 'DEBUG'
2022-10-09 12:31:25.938  INFO 14080 --- [restartedMain] .s.d.r.c.RepositoryConfigurationDelegate : Multiple Spring Data modules found, entering strict repository configuration mode
2022-10-09 12:31:25.939  INFO 14080 --- [restartedMain] .s.d.r.c.RepositoryConfigurationDelegate : Bootstrapping Spring Data Redis repositories in DEFAULT mode.
2022-10-09 12:31:25.959  INFO 14080 --- [restartedMain] .s.d.r.c.RepositoryConfigurationDelegate : Finished Spring Data repository scanning in 9 ms. Found 0 Redis repository interfaces.
2022-10-09 12:31:26.388  INFO 14080 --- [restartedMain] o.s.b.w.embedded.tomcat.TomcatWebServer  : Tomcat initialized with port(s): 8081 (http)
2022-10-09 12:31:26.394  INFO 14080 --- [restartedMain] o.apache.catalina.core.StandardService   : Starting service [Tomcat]
2022-10-09 12:31:26.395  INFO 14080 --- [restartedMain] org.apache.catalina.core.StandardEngine  : Starting Servlet engine: [Apache Tomcat/9.0.65]
2022-10-09 12:31:26.493  INFO 14080 --- [restartedMain] o.a.c.c.C.[Tomcat].[localhost].[/]       : Initializing Spring embedded WebApplicationContext
2022-10-09 12:31:26.493  INFO 14080 --- [restartedMain] w.s.c.ServletWebServerApplicationContext : Root WebApplicationContext: initialization completed in 1051 ms
2022-10-09 12:31:27.932  INFO 14080 --- [restartedMain] o.s.b.d.a.OptionalLiveReloadServer       : LiveReload server is running on port 35729
2022-10-09 12:31:27.978  INFO 14080 --- [restartedMain] o.s.b.w.embedded.tomcat.TomcatWebServer  : Tomcat started on port(s): 8081 (http) with context path ''
2022-10-09 12:31:27.985  INFO 14080 --- [restartedMain] com.lvxiaomin.MelonApplication           : Started MelonApplication in 2.977 seconds (JVM running for 3.86)
2022-10-09 12:31:34.003  INFO 14080 --- [http-nio-8081-exec-1] o.a.c.c.C.[Tomcat].[localhost].[/]       : Initializing Spring DispatcherServlet 'dispatcherServlet'
2022-10-09 12:31:34.003  INFO 14080 --- [http-nio-8081-exec-1] o.s.web.servlet.DispatcherServlet        : Initializing Servlet 'dispatcherServlet'
2022-10-09 12:31:34.004  INFO 14080 --- [http-nio-8081-exec-1] o.s.web.servlet.DispatcherServlet        : Completed initialization in 1 ms
2022-10-09 12:31:34.191  INFO 14080 --- [http-nio-8081-exec-1] com.zaxxer.hikari.HikariDataSource       : HikariPool-1 - Starting...
2022-10-09 12:31:34.346  INFO 14080 --- [http-nio-8081-exec-1] com.zaxxer.hikari.HikariDataSource       : HikariPool-1 - Start completed.
2022-10-09 12:31:34.409  WARN 14080 --- [http-nio-8081-exec-1] .m.m.a.ExceptionHandlerExceptionResolver : Resolved [org.apache.ibatis.javassist.NotFoundException: 邮箱不可用！]
2022-10-09 12:31:34.462  WARN 14080 --- [http-nio-8081-exec-2] .m.m.a.ExceptionHandlerExceptionResolver : Resolved [org.apache.ibatis.javassist.NotFoundException: 邮箱不可用！]
2022-10-09 12:31:41.215  WARN 14080 --- [http-nio-8081-exec-3] .m.m.a.ExceptionHandlerExceptionResolver : Resolved [org.apache.ibatis.javassist.NotFoundException: 邮箱可用！]
2022-10-09 12:31:49.198  WARN 14080 --- [http-nio-8081-exec-4] .m.m.a.ExceptionHandlerExceptionResolver : Resolved [org.apache.ibatis.javassist.NotFoundException: 邮箱可用！]
2022-10-09 12:32:07.882  WARN 14080 --- [http-nio-8081-exec-6] .m.m.a.ExceptionHandlerExceptionResolver : Resolved [org.apache.ibatis.javassist.NotFoundException: 邮箱可用！]
2022-10-09 12:36:46.507  WARN 14080 --- [http-nio-8081-exec-8] .m.m.a.ExceptionHandlerExceptionResolver : Resolved [org.apache.ibatis.javassist.NotFoundException: 邮箱可用！]
2022-10-09 12:36:47.683  WARN 14080 --- [http-nio-8081-exec-9] .m.m.a.ExceptionHandlerExceptionResolver : Resolved [org.apache.ibatis.javassist.NotFoundException: 邮箱可用！]
2022-10-09 12:42:03.949  WARN 14080 --- [http-nio-8081-exec-5] .m.m.a.ExceptionHandlerExceptionResolver : Resolved [org.apache.ibatis.javassist.NotFoundException: 邮箱可用！]
2022-10-09 12:42:05.844  WARN 14080 --- [http-nio-8081-exec-7] .m.m.a.ExceptionHandlerExceptionResolver : Resolved [org.apache.ibatis.javassist.NotFoundException: 邮箱可用！]
2022-10-09 12:43:33.145  WARN 14080 --- [http-nio-8081-exec-2] .m.m.a.ExceptionHandlerExceptionResolver : Resolved [org.springframework.web.HttpMediaTypeNotSupportedException: Content type 'application/x-www-form-urlencoded;charset=UTF-8' not supported]
2022-10-09 12:43:56.102  WARN 14080 --- [http-nio-8081-exec-3] .m.m.a.ExceptionHandlerExceptionResolver : Resolved [org.apache.ibatis.javassist.NotFoundException: 邮箱可用！]
2022-10-09 12:43:57.108  WARN 14080 --- [http-nio-8081-exec-4] .m.m.a.ExceptionHandlerExceptionResolver : Resolved [org.apache.ibatis.javassist.NotFoundException: 邮箱可用！]
2022-10-09 12:44:10.085  WARN 14080 --- [http-nio-8081-exec-6] .m.m.a.ExceptionHandlerExceptionResolver : Resolved [org.springframework.web.HttpMediaTypeNotSupportedException: Content type 'application/x-www-form-urlencoded;charset=UTF-8' not supported]
2022-10-09 12:58:18.448  WARN 14080 --- [http-nio-8081-exec-8] .m.m.a.ExceptionHandlerExceptionResolver : Resolved [org.apache.ibatis.javassist.NotFoundException: 邮箱可用！]
2022-10-09 12:58:21.489  WARN 14080 --- [http-nio-8081-exec-9] .m.m.a.ExceptionHandlerExceptionResolver : Resolved [org.apache.ibatis.javassist.NotFoundException: 邮箱可用！]
2022-10-09 12:58:35.009  WARN 14080 --- [http-nio-8081-exec-1] .m.m.a.ExceptionHandlerExceptionResolver : Resolved [org.springframework.http.converter.HttpMessageNotReadableException: JSON parse error: Cannot construct instance of `com.lvxiaomin.dto.UserDto` (although at least one Creator exists): no String-argument constructor/factory method to deserialize from String value ('userName=ming&userPassword=123456&userShow=1123&userEmail=754946573%40qq.com&userPhone=18683690897&userSex=%E7%94%B7'); nested exception is com.fasterxml.jackson.databind.exc.MismatchedInputException: Cannot construct instance of `com.lvxiaomin.dto.UserDto` (although at least one Creator exists): no String-argument constructor/factory method to deserialize from String value ('userName=ming&userPassword=123456&userShow=1123&userEmail=754946573%40qq.com&userPhone=18683690897&userSex=%E7%94%B7')<EOL> at [Source: (org.springframework.util.StreamUtils$NonClosingInputStream); line: 1, column: 1]]
2022-10-09 13:05:58.468  WARN 14080 --- [http-nio-8081-exec-4] .m.m.a.ExceptionHandlerExceptionResolver : Resolved [org.springframework.http.converter.HttpMessageNotReadableException: JSON parse error: Cannot construct instance of `com.lvxiaomin.dto.UserDto` (although at least one Creator exists): no String-argument constructor/factory method to deserialize from String value ('userName=ming&userPassword=123456&userShow=1123&userEmail=754946573%40qq.com&userPhone=18683690897&userSex=%E7%94%B7'); nested exception is com.fasterxml.jackson.databind.exc.MismatchedInputException: Cannot construct instance of `com.lvxiaomin.dto.UserDto` (although at least one Creator exists): no String-argument constructor/factory method to deserialize from String value ('userName=ming&userPassword=123456&userShow=1123&userEmail=754946573%40qq.com&userPhone=18683690897&userSex=%E7%94%B7')<EOL> at [Source: (org.springframework.util.StreamUtils$NonClosingInputStream); line: 1, column: 1]]
2022-10-09 13:10:17.161  WARN 14080 --- [http-nio-8081-exec-7] .m.m.a.ExceptionHandlerExceptionResolver : Resolved [org.apache.ibatis.javassist.NotFoundException: 邮箱可用！]
2022-10-09 13:10:19.017  WARN 14080 --- [http-nio-8081-exec-8] .m.m.a.ExceptionHandlerExceptionResolver : Resolved [org.apache.ibatis.javassist.NotFoundException: 邮箱可用！]
2022-10-09 13:11:25.471  WARN 14080 --- [http-nio-8081-exec-1] .m.m.a.ExceptionHandlerExceptionResolver : Resolved [org.apache.ibatis.javassist.NotFoundException: 邮箱可用！]
2022-10-09 13:11:54.752  WARN 14080 --- [http-nio-8081-exec-2] .m.m.a.ExceptionHandlerExceptionResolver : Resolved [org.springframework.http.converter.HttpMessageNotReadableException: JSON parse error: Cannot construct instance of `com.lvxiaomin.dto.UserDto` (although at least one Creator exists): no String-argument constructor/factory method to deserialize from String value ('userName=ming&userPassword=123456&userShow=13246&userEmail=754946573%40qq.com&userPhone=18683690897&userSex=%E7%94%B7'); nested exception is com.fasterxml.jackson.databind.exc.MismatchedInputException: Cannot construct instance of `com.lvxiaomin.dto.UserDto` (although at least one Creator exists): no String-argument constructor/factory method to deserialize from String value ('userName=ming&userPassword=123456&userShow=13246&userEmail=754946573%40qq.com&userPhone=18683690897&userSex=%E7%94%B7')<EOL> at [Source: (org.springframework.util.StreamUtils$NonClosingInputStream); line: 1, column: 1]]
2022-10-09 13:18:11.365  WARN 14080 --- [http-nio-8081-exec-6] .m.m.a.ExceptionHandlerExceptionResolver : Resolved [org.apache.ibatis.javassist.NotFoundException: 邮箱可用！]
2022-10-09 13:18:22.799  WARN 14080 --- [http-nio-8081-exec-5] .m.m.a.ExceptionHandlerExceptionResolver : Resolved [org.springframework.http.converter.HttpMessageNotReadableException: JSON parse error: Cannot construct instance of `com.lvxiaomin.dto.UserDto` (although at least one Creator exists): no String-argument constructor/factory method to deserialize from String value ('userName=ming&userPassword=123456&userShow=12465&userEmail=754946573%40qq.com&userPhone=18683690897&userSex=%E7%94%B7'); nested exception is com.fasterxml.jackson.databind.exc.MismatchedInputException: Cannot construct instance of `com.lvxiaomin.dto.UserDto` (although at least one Creator exists): no String-argument constructor/factory method to deserialize from String value ('userName=ming&userPassword=123456&userShow=12465&userEmail=754946573%40qq.com&userPhone=18683690897&userSex=%E7%94%B7')<EOL> at [Source: (org.springframework.util.StreamUtils$NonClosingInputStream); line: 1, column: 1]]
2022-10-09 13:18:31.296  INFO 14080 --- [SpringApplicationShutdownHook] com.zaxxer.hikari.HikariDataSource       : HikariPool-1 - Shutdown initiated...
2022-10-09 13:18:31.306  INFO 14080 --- [SpringApplicationShutdownHook] com.zaxxer.hikari.HikariDataSource       : HikariPool-1 - Shutdown completed.
2022-10-09 13:18:34.590  INFO 2352 --- [restartedMain] com.lvxiaomin.MelonApplication           : Starting MelonApplication using Java 1.8.0_321 on ImMing with PID 2352 (H:\Users\75494\Desktop\melon\target\classes started by 75494 in H:\Users\75494\Desktop\melon)
2022-10-09 13:18:34.591  INFO 2352 --- [restartedMain] com.lvxiaomin.MelonApplication           : No active profile set, falling back to 1 default profile: "default"
2022-10-09 13:18:34.623  INFO 2352 --- [restartedMain] .e.DevToolsPropertyDefaultsPostProcessor : Devtools property defaults active! Set 'spring.devtools.add-properties' to 'false' to disable
2022-10-09 13:18:34.623  INFO 2352 --- [restartedMain] .e.DevToolsPropertyDefaultsPostProcessor : For additional web related logging consider setting the 'logging.level.web' property to 'DEBUG'
2022-10-09 13:18:35.101  INFO 2352 --- [restartedMain] .s.d.r.c.RepositoryConfigurationDelegate : Multiple Spring Data modules found, entering strict repository configuration mode
2022-10-09 13:18:35.103  INFO 2352 --- [restartedMain] .s.d.r.c.RepositoryConfigurationDelegate : Bootstrapping Spring Data Redis repositories in DEFAULT mode.
2022-10-09 13:18:35.121  INFO 2352 --- [restartedMain] .s.d.r.c.RepositoryConfigurationDelegate : Finished Spring Data repository scanning in 8 ms. Found 0 Redis repository interfaces.
2022-10-09 13:18:35.605  INFO 2352 --- [restartedMain] o.s.b.w.embedded.tomcat.TomcatWebServer  : Tomcat initialized with port(s): 8081 (http)
2022-10-09 13:18:35.611  INFO 2352 --- [restartedMain] o.apache.catalina.core.StandardService   : Starting service [Tomcat]
2022-10-09 13:18:35.611  INFO 2352 --- [restartedMain] org.apache.catalina.core.StandardEngine  : Starting Servlet engine: [Apache Tomcat/9.0.65]
2022-10-09 13:18:35.666  INFO 2352 --- [restartedMain] o.a.c.c.C.[Tomcat].[localhost].[/]       : Initializing Spring embedded WebApplicationContext
2022-10-09 13:18:35.666  INFO 2352 --- [restartedMain] w.s.c.ServletWebServerApplicationContext : Root WebApplicationContext: initialization completed in 1043 ms
2022-10-09 13:18:37.066  INFO 2352 --- [restartedMain] o.s.b.d.a.OptionalLiveReloadServer       : LiveReload server is running on port 35729
2022-10-09 13:18:37.098  INFO 2352 --- [restartedMain] o.s.b.w.embedded.tomcat.TomcatWebServer  : Tomcat started on port(s): 8081 (http) with context path ''
2022-10-09 13:18:37.106  INFO 2352 --- [restartedMain] com.lvxiaomin.MelonApplication           : Started MelonApplication in 2.932 seconds (JVM running for 3.923)
2022-10-09 13:18:50.387  INFO 2352 --- [http-nio-8081-exec-1] o.a.c.c.C.[Tomcat].[localhost].[/]       : Initializing Spring DispatcherServlet 'dispatcherServlet'
2022-10-09 13:18:50.387  INFO 2352 --- [http-nio-8081-exec-1] o.s.web.servlet.DispatcherServlet        : Initializing Servlet 'dispatcherServlet'
2022-10-09 13:18:50.387  INFO 2352 --- [http-nio-8081-exec-1] o.s.web.servlet.DispatcherServlet        : Completed initialization in 0 ms
2022-10-09 13:18:50.481  WARN 2352 --- [http-nio-8081-exec-1] .m.m.a.ExceptionHandlerExceptionResolver : Resolved [org.springframework.http.converter.HttpMessageNotReadableException: JSON parse error: Cannot construct instance of `com.lvxiaomin.dto.UserDto` (although at least one Creator exists): no String-argument constructor/factory method to deserialize from String value ('userName=ming&userPassword=123456&userShow=12465&userEmail=754946573%40qq.com&userPhone=18683690897&userSex=%E7%94%B7'); nested exception is com.fasterxml.jackson.databind.exc.MismatchedInputException: Cannot construct instance of `com.lvxiaomin.dto.UserDto` (although at least one Creator exists): no String-argument constructor/factory method to deserialize from String value ('userName=ming&userPassword=123456&userShow=12465&userEmail=754946573%40qq.com&userPhone=18683690897&userSex=%E7%94%B7')<EOL> at [Source: (org.springframework.util.StreamUtils$NonClosingInputStream); line: 1, column: 1]]
2022-10-09 13:26:26.050  INFO 2352 --- [http-nio-8081-exec-2] com.zaxxer.hikari.HikariDataSource       : HikariPool-1 - Starting...
2022-10-09 13:26:26.144  INFO 2352 --- [http-nio-8081-exec-2] com.zaxxer.hikari.HikariDataSource       : HikariPool-1 - Start completed.
2022-10-09 13:26:26.175  WARN 2352 --- [http-nio-8081-exec-2] .m.m.a.ExceptionHandlerExceptionResolver : Resolved [org.apache.ibatis.javassist.NotFoundException: 邮箱可用！]
2022-10-09 13:29:39.264  WARN 2352 --- [http-nio-8081-exec-9] .m.m.a.ExceptionHandlerExceptionResolver : Resolved [org.apache.ibatis.javassist.NotFoundException: 邮箱可用！]
2022-10-09 13:33:24.281  WARN 2352 --- [http-nio-8081-exec-10] .m.m.a.ExceptionHandlerExceptionResolver : Resolved [org.springframework.web.bind.MethodArgumentNotValidException: Validation failed for argument [0] in public com.lvxiaomin.utils.AjaxJson com.lvxiaomin.controller.user.UserLoginController.register(com.lvxiaomin.dto.UserDto) throws org.apache.ibatis.javassist.NotFoundException with 2 errors: [Field error in object 'userDto' on field 'userEmail': rejected value [null]; codes [NotEmpty.userDto.userEmail,NotEmpty.userEmail,NotEmpty.java.lang.String,NotEmpty]; arguments [org.springframework.context.support.DefaultMessageSourceResolvable: codes [userDto.userEmail,userEmail]; arguments []; default message [userEmail]]; default message [could not be empty]] [Field error in object 'userDto' on field 'userPassword': rejected value [null]; codes [NotEmpty.userDto.userPassword,NotEmpty.userPassword,NotEmpty.java.lang.String,NotEmpty]; arguments [org.springframework.context.support.DefaultMessageSourceResolvable: codes [userDto.userPassword,userPassword]; arguments []; default message [userPassword]]; default message [could not be empty]] ]
2022-10-09 13:34:58.746  WARN 2352 --- [http-nio-8081-exec-3] .m.m.a.ExceptionHandlerExceptionResolver : Resolved [org.springframework.web.bind.MethodArgumentNotValidException: Validation failed for argument [0] in public com.lvxiaomin.utils.AjaxJson com.lvxiaomin.controller.user.UserLoginController.register(com.lvxiaomin.dto.UserDto) throws org.apache.ibatis.javassist.NotFoundException with 2 errors: [Field error in object 'userDto' on field 'userEmail': rejected value [null]; codes [NotEmpty.userDto.userEmail,NotEmpty.userEmail,NotEmpty.java.lang.String,NotEmpty]; arguments [org.springframework.context.support.DefaultMessageSourceResolvable: codes [userDto.userEmail,userEmail]; arguments []; default message [userEmail]]; default message [could not be empty]] [Field error in object 'userDto' on field 'userPassword': rejected value [null]; codes [NotEmpty.userDto.userPassword,NotEmpty.userPassword,NotEmpty.java.lang.String,NotEmpty]; arguments [org.springframework.context.support.DefaultMessageSourceResolvable: codes [userDto.userPassword,userPassword]; arguments []; default message [userPassword]]; default message [could not be empty]] ]
2022-10-09 13:37:33.267  WARN 2352 --- [http-nio-8081-exec-2] .m.m.a.ExceptionHandlerExceptionResolver : Resolved [org.springframework.web.bind.MethodArgumentNotValidException: Validation failed for argument [0] in public com.lvxiaomin.utils.AjaxJson com.lvxiaomin.controller.user.UserLoginController.register(com.lvxiaomin.dto.UserDto) throws org.apache.ibatis.javassist.NotFoundException with 2 errors: [Field error in object 'userDto' on field 'userEmail': rejected value [null]; codes [NotEmpty.userDto.userEmail,NotEmpty.userEmail,NotEmpty.java.lang.String,NotEmpty]; arguments [org.springframework.context.support.DefaultMessageSourceResolvable: codes [userDto.userEmail,userEmail]; arguments []; default message [userEmail]]; default message [could not be empty]] [Field error in object 'userDto' on field 'userPassword': rejected value [null]; codes [NotEmpty.userDto.userPassword,NotEmpty.userPassword,NotEmpty.java.lang.String,NotEmpty]; arguments [org.springframework.context.support.DefaultMessageSourceResolvable: codes [userDto.userPassword,userPassword]; arguments []; default message [userPassword]]; default message [could not be empty]] ]
2022-10-09 13:37:34.859  WARN 2352 --- [http-nio-8081-exec-5] .m.m.a.ExceptionHandlerExceptionResolver : Resolved [org.springframework.web.bind.MethodArgumentNotValidException: Validation failed for argument [0] in public com.lvxiaomin.utils.AjaxJson com.lvxiaomin.controller.user.UserLoginController.register(com.lvxiaomin.dto.UserDto) throws org.apache.ibatis.javassist.NotFoundException with 2 errors: [Field error in object 'userDto' on field 'userEmail': rejected value [null]; codes [NotEmpty.userDto.userEmail,NotEmpty.userEmail,NotEmpty.java.lang.String,NotEmpty]; arguments [org.springframework.context.support.DefaultMessageSourceResolvable: codes [userDto.userEmail,userEmail]; arguments []; default message [userEmail]]; default message [could not be empty]] [Field error in object 'userDto' on field 'userPassword': rejected value [null]; codes [NotEmpty.userDto.userPassword,NotEmpty.userPassword,NotEmpty.java.lang.String,NotEmpty]; arguments [org.springframework.context.support.DefaultMessageSourceResolvable: codes [userDto.userPassword,userPassword]; arguments []; default message [userPassword]]; default message [could not be empty]] ]
2022-10-09 13:37:52.773  WARN 2352 --- [http-nio-8081-exec-7] .m.m.a.ExceptionHandlerExceptionResolver : Resolved [org.apache.ibatis.javassist.NotFoundException: 邮箱可用！]
2022-10-09 13:37:57.804  WARN 2352 --- [http-nio-8081-exec-8] .m.m.a.ExceptionHandlerExceptionResolver : Resolved [org.apache.ibatis.javassist.NotFoundException: 邮箱可用！]
2022-10-09 13:38:06.712  WARN 2352 --- [http-nio-8081-exec-6] .m.m.a.ExceptionHandlerExceptionResolver : Resolved [org.springframework.web.bind.MethodArgumentNotValidException: Validation failed for argument [0] in public com.lvxiaomin.utils.AjaxJson com.lvxiaomin.controller.user.UserLoginController.register(com.lvxiaomin.dto.UserDto) throws org.apache.ibatis.javassist.NotFoundException with 2 errors: [Field error in object 'userDto' on field 'userPassword': rejected value [null]; codes [NotEmpty.userDto.userPassword,NotEmpty.userPassword,NotEmpty.java.lang.String,NotEmpty]; arguments [org.springframework.context.support.DefaultMessageSourceResolvable: codes [userDto.userPassword,userPassword]; arguments []; default message [userPassword]]; default message [could not be empty]] [Field error in object 'userDto' on field 'userEmail': rejected value [null]; codes [NotEmpty.userDto.userEmail,NotEmpty.userEmail,NotEmpty.java.lang.String,NotEmpty]; arguments [org.springframework.context.support.DefaultMessageSourceResolvable: codes [userDto.userEmail,userEmail]; arguments []; default message [userEmail]]; default message [could not be empty]] ]
2022-10-09 13:39:23.316  WARN 2352 --- [http-nio-8081-exec-1] .m.m.a.ExceptionHandlerExceptionResolver : Resolved [org.springframework.web.bind.MethodArgumentNotValidException: Validation failed for argument [0] in public com.lvxiaomin.utils.AjaxJson com.lvxiaomin.controller.user.UserLoginController.register(com.lvxiaomin.dto.UserDto) throws org.apache.ibatis.javassist.NotFoundException with 2 errors: [Field error in object 'userDto' on field 'userEmail': rejected value [null]; codes [NotEmpty.userDto.userEmail,NotEmpty.userEmail,NotEmpty.java.lang.String,NotEmpty]; arguments [org.springframework.context.support.DefaultMessageSourceResolvable: codes [userDto.userEmail,userEmail]; arguments []; default message [userEmail]]; default message [could not be empty]] [Field error in object 'userDto' on field 'userPassword': rejected value [null]; codes [NotEmpty.userDto.userPassword,NotEmpty.userPassword,NotEmpty.java.lang.String,NotEmpty]; arguments [org.springframework.context.support.DefaultMessageSourceResolvable: codes [userDto.userPassword,userPassword]; arguments []; default message [userPassword]]; default message [could not be empty]] ]
2022-10-09 13:39:32.918  WARN 2352 --- [http-nio-8081-exec-3] .m.m.a.ExceptionHandlerExceptionResolver : Resolved [org.apache.ibatis.javassist.NotFoundException: 邮箱可用！]
2022-10-09 13:39:33.354  WARN 2352 --- [http-nio-8081-exec-4] .m.m.a.ExceptionHandlerExceptionResolver : Resolved [org.apache.ibatis.javassist.NotFoundException: 邮箱可用！]
2022-10-09 13:39:42.244  WARN 2352 --- [http-nio-8081-exec-2] .m.m.a.ExceptionHandlerExceptionResolver : Resolved [org.springframework.web.bind.MethodArgumentNotValidException: Validation failed for argument [0] in public com.lvxiaomin.utils.AjaxJson com.lvxiaomin.controller.user.UserLoginController.register(com.lvxiaomin.dto.UserDto) throws org.apache.ibatis.javassist.NotFoundException with 2 errors: [Field error in object 'userDto' on field 'userEmail': rejected value [null]; codes [NotEmpty.userDto.userEmail,NotEmpty.userEmail,NotEmpty.java.lang.String,NotEmpty]; arguments [org.springframework.context.support.DefaultMessageSourceResolvable: codes [userDto.userEmail,userEmail]; arguments []; default message [userEmail]]; default message [could not be empty]] [Field error in object 'userDto' on field 'userPassword': rejected value [null]; codes [NotEmpty.userDto.userPassword,NotEmpty.userPassword,NotEmpty.java.lang.String,NotEmpty]; arguments [org.springframework.context.support.DefaultMessageSourceResolvable: codes [userDto.userPassword,userPassword]; arguments []; default message [userPassword]]; default message [could not be empty]] ]
2022-10-09 13:40:44.251  INFO 2352 --- [SpringApplicationShutdownHook] com.zaxxer.hikari.HikariDataSource       : HikariPool-1 - Shutdown initiated...
2022-10-09 13:40:44.293  INFO 2352 --- [SpringApplicationShutdownHook] com.zaxxer.hikari.HikariDataSource       : HikariPool-1 - Shutdown completed.
2022-10-09 13:40:49.122  INFO 19064 --- [restartedMain] com.lvxiaomin.MelonApplication           : Starting MelonApplication using Java 1.8.0_321 on ImMing with PID 19064 (H:\Users\75494\Desktop\melon\target\classes started by 75494 in H:\Users\75494\Desktop\melon)
2022-10-09 13:40:49.123  INFO 19064 --- [restartedMain] com.lvxiaomin.MelonApplication           : No active profile set, falling back to 1 default profile: "default"
2022-10-09 13:40:49.163  INFO 19064 --- [restartedMain] .e.DevToolsPropertyDefaultsPostProcessor : Devtools property defaults active! Set 'spring.devtools.add-properties' to 'false' to disable
2022-10-09 13:40:49.163  INFO 19064 --- [restartedMain] .e.DevToolsPropertyDefaultsPostProcessor : For additional web related logging consider setting the 'logging.level.web' property to 'DEBUG'
2022-10-09 13:40:49.762  INFO 19064 --- [restartedMain] .s.d.r.c.RepositoryConfigurationDelegate : Multiple Spring Data modules found, entering strict repository configuration mode
2022-10-09 13:40:49.764  INFO 19064 --- [restartedMain] .s.d.r.c.RepositoryConfigurationDelegate : Bootstrapping Spring Data Redis repositories in DEFAULT mode.
2022-10-09 13:40:49.784  INFO 19064 --- [restartedMain] .s.d.r.c.RepositoryConfigurationDelegate : Finished Spring Data repository scanning in 9 ms. Found 0 Redis repository interfaces.
2022-10-09 13:40:50.327  INFO 19064 --- [restartedMain] o.s.b.w.embedded.tomcat.TomcatWebServer  : Tomcat initialized with port(s): 8081 (http)
2022-10-09 13:40:50.335  INFO 19064 --- [restartedMain] o.apache.catalina.core.StandardService   : Starting service [Tomcat]
2022-10-09 13:40:50.335  INFO 19064 --- [restartedMain] org.apache.catalina.core.StandardEngine  : Starting Servlet engine: [Apache Tomcat/9.0.65]
2022-10-09 13:40:50.399  INFO 19064 --- [restartedMain] o.a.c.c.C.[Tomcat].[localhost].[/]       : Initializing Spring embedded WebApplicationContext
2022-10-09 13:40:50.399  INFO 19064 --- [restartedMain] w.s.c.ServletWebServerApplicationContext : Root WebApplicationContext: initialization completed in 1235 ms
2022-10-09 13:40:51.969  INFO 19064 --- [restartedMain] o.s.b.d.a.OptionalLiveReloadServer       : LiveReload server is running on port 35729
2022-10-09 13:40:52.005  INFO 19064 --- [restartedMain] o.s.b.w.embedded.tomcat.TomcatWebServer  : Tomcat started on port(s): 8081 (http) with context path ''
2022-10-09 13:40:52.014  INFO 19064 --- [restartedMain] com.lvxiaomin.MelonApplication           : Started MelonApplication in 3.388 seconds (JVM running for 4.46)
2022-10-09 13:40:56.153  INFO 19064 --- [http-nio-8081-exec-1] o.a.c.c.C.[Tomcat].[localhost].[/]       : Initializing Spring DispatcherServlet 'dispatcherServlet'
2022-10-09 13:40:56.153  INFO 19064 --- [http-nio-8081-exec-1] o.s.web.servlet.DispatcherServlet        : Initializing Servlet 'dispatcherServlet'
2022-10-09 13:40:56.154  INFO 19064 --- [http-nio-8081-exec-1] o.s.web.servlet.DispatcherServlet        : Completed initialization in 1 ms
2022-10-09 13:51:54.592  INFO 16644 --- [restartedMain] com.lvxiaomin.MelonApplication           : Starting MelonApplication using Java 1.8.0_321 on ImMing with PID 16644 (H:\Users\75494\Desktop\melon\target\classes started by 75494 in H:\Users\75494\Desktop\melon)
2022-10-09 13:51:54.593  INFO 16644 --- [restartedMain] com.lvxiaomin.MelonApplication           : No active profile set, falling back to 1 default profile: "default"
2022-10-09 13:51:54.634  INFO 16644 --- [restartedMain] .e.DevToolsPropertyDefaultsPostProcessor : Devtools property defaults active! Set 'spring.devtools.add-properties' to 'false' to disable
2022-10-09 13:51:54.634  INFO 16644 --- [restartedMain] .e.DevToolsPropertyDefaultsPostProcessor : For additional web related logging consider setting the 'logging.level.web' property to 'DEBUG'
2022-10-09 13:51:55.233  INFO 16644 --- [restartedMain] .s.d.r.c.RepositoryConfigurationDelegate : Multiple Spring Data modules found, entering strict repository configuration mode
2022-10-09 13:51:55.235  INFO 16644 --- [restartedMain] .s.d.r.c.RepositoryConfigurationDelegate : Bootstrapping Spring Data Redis repositories in DEFAULT mode.
2022-10-09 13:51:55.255  INFO 16644 --- [restartedMain] .s.d.r.c.RepositoryConfigurationDelegate : Finished Spring Data repository scanning in 8 ms. Found 0 Redis repository interfaces.
2022-10-09 13:51:55.799  INFO 16644 --- [restartedMain] o.s.b.w.embedded.tomcat.TomcatWebServer  : Tomcat initialized with port(s): 8081 (http)
2022-10-09 13:51:55.806  INFO 16644 --- [restartedMain] o.apache.catalina.core.StandardService   : Starting service [Tomcat]
2022-10-09 13:51:55.806  INFO 16644 --- [restartedMain] org.apache.catalina.core.StandardEngine  : Starting Servlet engine: [Apache Tomcat/9.0.65]
2022-10-09 13:51:55.872  INFO 16644 --- [restartedMain] o.a.c.c.C.[Tomcat].[localhost].[/]       : Initializing Spring embedded WebApplicationContext
2022-10-09 13:51:55.872  INFO 16644 --- [restartedMain] w.s.c.ServletWebServerApplicationContext : Root WebApplicationContext: initialization completed in 1237 ms
2022-10-09 13:51:57.472  INFO 16644 --- [restartedMain] o.s.b.d.a.OptionalLiveReloadServer       : LiveReload server is running on port 35729
2022-10-09 13:51:57.507  INFO 16644 --- [restartedMain] o.s.b.w.embedded.tomcat.TomcatWebServer  : Tomcat started on port(s): 8081 (http) with context path ''
2022-10-09 13:51:57.516  INFO 16644 --- [restartedMain] com.lvxiaomin.MelonApplication           : Started MelonApplication in 3.398 seconds (JVM running for 4.925)
2022-10-09 13:52:01.204  INFO 16644 --- [http-nio-8081-exec-1] o.a.c.c.C.[Tomcat].[localhost].[/]       : Initializing Spring DispatcherServlet 'dispatcherServlet'
2022-10-09 13:52:01.204  INFO 16644 --- [http-nio-8081-exec-1] o.s.web.servlet.DispatcherServlet        : Initializing Servlet 'dispatcherServlet'
2022-10-09 13:52:01.205  INFO 16644 --- [http-nio-8081-exec-1] o.s.web.servlet.DispatcherServlet        : Completed initialization in 1 ms
2022-10-09 13:52:16.107  WARN 16644 --- [http-nio-8081-exec-1] .m.m.a.ExceptionHandlerExceptionResolver : Resolved [org.springframework.web.bind.MethodArgumentNotValidException: Validation failed for argument [0] in public com.lvxiaomin.utils.AjaxJson com.lvxiaomin.controller.user.UserLoginController.register(com.lvxiaomin.dto.UserDto) throws org.apache.ibatis.javassist.NotFoundException with 2 errors: [Field error in object 'userDto' on field 'userPassword': rejected value [null]; codes [NotEmpty.userDto.userPassword,NotEmpty.userPassword,NotEmpty.java.lang.String,NotEmpty]; arguments [org.springframework.context.support.DefaultMessageSourceResolvable: codes [userDto.userPassword,userPassword]; arguments []; default message [userPassword]]; default message [could not be empty]] [Field error in object 'userDto' on field 'userEmail': rejected value [null]; codes [NotEmpty.userDto.userEmail,NotEmpty.userEmail,NotEmpty.java.lang.String,NotEmpty]; arguments [org.springframework.context.support.DefaultMessageSourceResolvable: codes [userDto.userEmail,userEmail]; arguments []; default message [userEmail]]; default message [could not be empty]] ]
2022-10-09 13:52:20.980  INFO 17744 --- [restartedMain] com.lvxiaomin.MelonApplication           : Starting MelonApplication using Java 1.8.0_321 on ImMing with PID 17744 (H:\Users\75494\Desktop\melon\target\classes started by 75494 in H:\Users\75494\Desktop\melon)
2022-10-09 13:52:20.981  INFO 17744 --- [restartedMain] com.lvxiaomin.MelonApplication           : No active profile set, falling back to 1 default profile: "default"
2022-10-09 13:52:21.013  INFO 17744 --- [restartedMain] .e.DevToolsPropertyDefaultsPostProcessor : Devtools property defaults active! Set 'spring.devtools.add-properties' to 'false' to disable
2022-10-09 13:52:21.013  INFO 17744 --- [restartedMain] .e.DevToolsPropertyDefaultsPostProcessor : For additional web related logging consider setting the 'logging.level.web' property to 'DEBUG'
2022-10-09 13:52:21.606  INFO 17744 --- [restartedMain] .s.d.r.c.RepositoryConfigurationDelegate : Multiple Spring Data modules found, entering strict repository configuration mode
2022-10-09 13:52:21.609  INFO 17744 --- [restartedMain] .s.d.r.c.RepositoryConfigurationDelegate : Bootstrapping Spring Data Redis repositories in DEFAULT mode.
2022-10-09 13:52:21.639  INFO 17744 --- [restartedMain] .s.d.r.c.RepositoryConfigurationDelegate : Finished Spring Data repository scanning in 13 ms. Found 0 Redis repository interfaces.
2022-10-09 13:52:22.142  INFO 17744 --- [restartedMain] o.s.b.w.embedded.tomcat.TomcatWebServer  : Tomcat initialized with port(s): 8081 (http)
2022-10-09 13:52:22.148  INFO 17744 --- [restartedMain] o.apache.catalina.core.StandardService   : Starting service [Tomcat]
2022-10-09 13:52:22.148  INFO 17744 --- [restartedMain] org.apache.catalina.core.StandardEngine  : Starting Servlet engine: [Apache Tomcat/9.0.65]
2022-10-09 13:52:22.214  INFO 17744 --- [restartedMain] o.a.c.c.C.[Tomcat].[localhost].[/]       : Initializing Spring embedded WebApplicationContext
2022-10-09 13:52:22.214  INFO 17744 --- [restartedMain] w.s.c.ServletWebServerApplicationContext : Root WebApplicationContext: initialization completed in 1201 ms
2022-10-09 13:52:23.685  INFO 17744 --- [restartedMain] o.s.b.d.a.OptionalLiveReloadServer       : LiveReload server is running on port 35729
2022-10-09 13:52:23.716  INFO 17744 --- [restartedMain] o.s.b.w.embedded.tomcat.TomcatWebServer  : Tomcat started on port(s): 8081 (http) with context path ''
2022-10-09 13:52:23.724  INFO 17744 --- [restartedMain] com.lvxiaomin.MelonApplication           : Started MelonApplication in 3.171 seconds (JVM running for 4.14)
2022-10-09 13:52:35.701  INFO 17744 --- [http-nio-8081-exec-1] o.a.c.c.C.[Tomcat].[localhost].[/]       : Initializing Spring DispatcherServlet 'dispatcherServlet'
2022-10-09 13:52:35.701  INFO 17744 --- [http-nio-8081-exec-1] o.s.web.servlet.DispatcherServlet        : Initializing Servlet 'dispatcherServlet'
2022-10-09 13:52:35.702  INFO 17744 --- [http-nio-8081-exec-1] o.s.web.servlet.DispatcherServlet        : Completed initialization in 0 ms
2022-10-09 13:52:35.834  WARN 17744 --- [http-nio-8081-exec-1] .m.m.a.ExceptionHandlerExceptionResolver : Resolved [org.springframework.web.bind.MethodArgumentNotValidException: Validation failed for argument [0] in public com.lvxiaomin.utils.AjaxJson com.lvxiaomin.controller.user.UserLoginController.register(com.lvxiaomin.dto.UserDto) throws org.apache.ibatis.javassist.NotFoundException with 2 errors: [Field error in object 'userDto' on field 'userEmail': rejected value [null]; codes [NotEmpty.userDto.userEmail,NotEmpty.userEmail,NotEmpty.java.lang.String,NotEmpty]; arguments [org.springframework.context.support.DefaultMessageSourceResolvable: codes [userDto.userEmail,userEmail]; arguments []; default message [userEmail]]; default message [could not be empty]] [Field error in object 'userDto' on field 'userPassword': rejected value [null]; codes [NotEmpty.userDto.userPassword,NotEmpty.userPassword,NotEmpty.java.lang.String,NotEmpty]; arguments [org.springframework.context.support.DefaultMessageSourceResolvable: codes [userDto.userPassword,userPassword]; arguments []; default message [userPassword]]; default message [could not be empty]] ]
2022-10-09 13:53:14.379  INFO 2356 --- [restartedMain] com.lvxiaomin.MelonApplication           : Starting MelonApplication using Java 1.8.0_321 on ImMing with PID 2356 (H:\Users\75494\Desktop\melon\target\classes started by 75494 in H:\Users\75494\Desktop\melon)
2022-10-09 13:53:14.380  INFO 2356 --- [restartedMain] com.lvxiaomin.MelonApplication           : No active profile set, falling back to 1 default profile: "default"
2022-10-09 13:53:14.417  INFO 2356 --- [restartedMain] .e.DevToolsPropertyDefaultsPostProcessor : Devtools property defaults active! Set 'spring.devtools.add-properties' to 'false' to disable
2022-10-09 13:53:14.417  INFO 2356 --- [restartedMain] .e.DevToolsPropertyDefaultsPostProcessor : For additional web related logging consider setting the 'logging.level.web' property to 'DEBUG'
2022-10-09 13:53:15.021  INFO 2356 --- [restartedMain] .s.d.r.c.RepositoryConfigurationDelegate : Multiple Spring Data modules found, entering strict repository configuration mode
2022-10-09 13:53:15.023  INFO 2356 --- [restartedMain] .s.d.r.c.RepositoryConfigurationDelegate : Bootstrapping Spring Data Redis repositories in DEFAULT mode.
2022-10-09 13:53:15.047  INFO 2356 --- [restartedMain] .s.d.r.c.RepositoryConfigurationDelegate : Finished Spring Data repository scanning in 9 ms. Found 0 Redis repository interfaces.
2022-10-09 13:53:15.613  INFO 2356 --- [restartedMain] o.s.b.w.embedded.tomcat.TomcatWebServer  : Tomcat initialized with port(s): 8081 (http)
2022-10-09 13:53:15.620  INFO 2356 --- [restartedMain] o.apache.catalina.core.StandardService   : Starting service [Tomcat]
2022-10-09 13:53:15.620  INFO 2356 --- [restartedMain] org.apache.catalina.core.StandardEngine  : Starting Servlet engine: [Apache Tomcat/9.0.65]
2022-10-09 13:53:15.681  INFO 2356 --- [restartedMain] o.a.c.c.C.[Tomcat].[localhost].[/]       : Initializing Spring embedded WebApplicationContext
2022-10-09 13:53:15.681  INFO 2356 --- [restartedMain] w.s.c.ServletWebServerApplicationContext : Root WebApplicationContext: initialization completed in 1264 ms
2022-10-09 13:53:17.344  INFO 2356 --- [restartedMain] o.s.b.d.a.OptionalLiveReloadServer       : LiveReload server is running on port 35729
2022-10-09 13:53:17.383  INFO 2356 --- [restartedMain] o.s.b.w.embedded.tomcat.TomcatWebServer  : Tomcat started on port(s): 8081 (http) with context path ''
2022-10-09 13:53:17.393  INFO 2356 --- [restartedMain] com.lvxiaomin.MelonApplication           : Started MelonApplication in 3.51 seconds (JVM running for 4.502)
2022-10-09 13:53:20.128  INFO 2356 --- [http-nio-8081-exec-1] o.a.c.c.C.[Tomcat].[localhost].[/]       : Initializing Spring DispatcherServlet 'dispatcherServlet'
2022-10-09 13:53:20.128  INFO 2356 --- [http-nio-8081-exec-1] o.s.web.servlet.DispatcherServlet        : Initializing Servlet 'dispatcherServlet'
2022-10-09 13:53:20.129  INFO 2356 --- [http-nio-8081-exec-1] o.s.web.servlet.DispatcherServlet        : Completed initialization in 1 ms
2022-10-09 13:54:12.477  WARN 2356 --- [http-nio-8081-exec-1] .m.m.a.ExceptionHandlerExceptionResolver : Resolved [org.springframework.web.bind.MethodArgumentNotValidException: Validation failed for argument [0] in public com.lvxiaomin.utils.AjaxJson com.lvxiaomin.controller.user.UserLoginController.register(com.lvxiaomin.dto.UserDto) throws org.apache.ibatis.javassist.NotFoundException with 2 errors: [Field error in object 'userDto' on field 'userEmail': rejected value [null]; codes [NotEmpty.userDto.userEmail,NotEmpty.userEmail,NotEmpty.java.lang.String,NotEmpty]; arguments [org.springframework.context.support.DefaultMessageSourceResolvable: codes [userDto.userEmail,userEmail]; arguments []; default message [userEmail]]; default message [could not be empty]] [Field error in object 'userDto' on field 'userPassword': rejected value [null]; codes [NotEmpty.userDto.userPassword,NotEmpty.userPassword,NotEmpty.java.lang.String,NotEmpty]; arguments [org.springframework.context.support.DefaultMessageSourceResolvable: codes [userDto.userPassword,userPassword]; arguments []; default message [userPassword]]; default message [could not be empty]] ]
2022-10-09 13:54:12.477  WARN 2356 --- [http-nio-8081-exec-2] .m.m.a.ExceptionHandlerExceptionResolver : Resolved [org.springframework.web.bind.MethodArgumentNotValidException: Validation failed for argument [0] in public com.lvxiaomin.utils.AjaxJson com.lvxiaomin.controller.user.UserLoginController.register(com.lvxiaomin.dto.UserDto) throws org.apache.ibatis.javassist.NotFoundException with 2 errors: [Field error in object 'userDto' on field 'userPassword': rejected value [null]; codes [NotEmpty.userDto.userPassword,NotEmpty.userPassword,NotEmpty.java.lang.String,NotEmpty]; arguments [org.springframework.context.support.DefaultMessageSourceResolvable: codes [userDto.userPassword,userPassword]; arguments []; default message [userPassword]]; default message [could not be empty]] [Field error in object 'userDto' on field 'userEmail': rejected value [null]; codes [NotEmpty.userDto.userEmail,NotEmpty.userEmail,NotEmpty.java.lang.String,NotEmpty]; arguments [org.springframework.context.support.DefaultMessageSourceResolvable: codes [userDto.userEmail,userEmail]; arguments []; default message [userEmail]]; default message [could not be empty]] ]
2022-10-09 13:54:15.899  INFO 19384 --- [restartedMain] com.lvxiaomin.MelonApplication           : Starting MelonApplication using Java 1.8.0_321 on ImMing with PID 19384 (H:\Users\75494\Desktop\melon\target\classes started by 75494 in H:\Users\75494\Desktop\melon)
2022-10-09 13:54:15.900  INFO 19384 --- [restartedMain] com.lvxiaomin.MelonApplication           : No active profile set, falling back to 1 default profile: "default"
2022-10-09 13:54:15.936  INFO 19384 --- [restartedMain] .e.DevToolsPropertyDefaultsPostProcessor : Devtools property defaults active! Set 'spring.devtools.add-properties' to 'false' to disable
2022-10-09 13:54:15.936  INFO 19384 --- [restartedMain] .e.DevToolsPropertyDefaultsPostProcessor : For additional web related logging consider setting the 'logging.level.web' property to 'DEBUG'
2022-10-09 13:54:16.529  INFO 19384 --- [restartedMain] .s.d.r.c.RepositoryConfigurationDelegate : Multiple Spring Data modules found, entering strict repository configuration mode
2022-10-09 13:54:16.531  INFO 19384 --- [restartedMain] .s.d.r.c.RepositoryConfigurationDelegate : Bootstrapping Spring Data Redis repositories in DEFAULT mode.
2022-10-09 13:54:16.552  INFO 19384 --- [restartedMain] .s.d.r.c.RepositoryConfigurationDelegate : Finished Spring Data repository scanning in 9 ms. Found 0 Redis repository interfaces.
2022-10-09 13:54:17.093  INFO 19384 --- [restartedMain] o.s.b.w.embedded.tomcat.TomcatWebServer  : Tomcat initialized with port(s): 8081 (http)
2022-10-09 13:54:17.100  INFO 19384 --- [restartedMain] o.apache.catalina.core.StandardService   : Starting service [Tomcat]
2022-10-09 13:54:17.100  INFO 19384 --- [restartedMain] org.apache.catalina.core.StandardEngine  : Starting Servlet engine: [Apache Tomcat/9.0.65]
2022-10-09 13:54:17.166  INFO 19384 --- [restartedMain] o.a.c.c.C.[Tomcat].[localhost].[/]       : Initializing Spring embedded WebApplicationContext
2022-10-09 13:54:17.166  INFO 19384 --- [restartedMain] w.s.c.ServletWebServerApplicationContext : Root WebApplicationContext: initialization completed in 1229 ms
2022-10-09 13:54:18.810  INFO 19384 --- [restartedMain] o.s.b.d.a.OptionalLiveReloadServer       : LiveReload server is running on port 35729
2022-10-09 13:54:18.846  INFO 19384 --- [restartedMain] o.s.b.w.embedded.tomcat.TomcatWebServer  : Tomcat started on port(s): 8081 (http) with context path ''
2022-10-09 13:54:18.856  INFO 19384 --- [restartedMain] com.lvxiaomin.MelonApplication           : Started MelonApplication in 3.44 seconds (JVM running for 4.792)
2022-10-09 13:54:21.861  INFO 19384 --- [http-nio-8081-exec-1] o.a.c.c.C.[Tomcat].[localhost].[/]       : Initializing Spring DispatcherServlet 'dispatcherServlet'
2022-10-09 13:54:21.861  INFO 19384 --- [http-nio-8081-exec-1] o.s.web.servlet.DispatcherServlet        : Initializing Servlet 'dispatcherServlet'
2022-10-09 13:54:21.862  INFO 19384 --- [http-nio-8081-exec-1] o.s.web.servlet.DispatcherServlet        : Completed initialization in 0 ms
2022-10-09 13:55:38.568  INFO 16692 --- [restartedMain] com.lvxiaomin.MelonApplication           : Starting MelonApplication using Java 1.8.0_321 on ImMing with PID 16692 (H:\Users\75494\Desktop\melon\target\classes started by 75494 in H:\Users\75494\Desktop\melon)
2022-10-09 13:55:38.569  INFO 16692 --- [restartedMain] com.lvxiaomin.MelonApplication           : No active profile set, falling back to 1 default profile: "default"
2022-10-09 13:55:38.610  INFO 16692 --- [restartedMain] .e.DevToolsPropertyDefaultsPostProcessor : Devtools property defaults active! Set 'spring.devtools.add-properties' to 'false' to disable
2022-10-09 13:55:38.610  INFO 16692 --- [restartedMain] .e.DevToolsPropertyDefaultsPostProcessor : For additional web related logging consider setting the 'logging.level.web' property to 'DEBUG'
2022-10-09 13:55:39.237  INFO 16692 --- [restartedMain] .s.d.r.c.RepositoryConfigurationDelegate : Multiple Spring Data modules found, entering strict repository configuration mode
2022-10-09 13:55:39.238  INFO 16692 --- [restartedMain] .s.d.r.c.RepositoryConfigurationDelegate : Bootstrapping Spring Data Redis repositories in DEFAULT mode.
2022-10-09 13:55:39.259  INFO 16692 --- [restartedMain] .s.d.r.c.RepositoryConfigurationDelegate : Finished Spring Data repository scanning in 8 ms. Found 0 Redis repository interfaces.
2022-10-09 13:55:39.796  INFO 16692 --- [restartedMain] o.s.b.w.embedded.tomcat.TomcatWebServer  : Tomcat initialized with port(s): 8081 (http)
2022-10-09 13:55:39.803  INFO 16692 --- [restartedMain] o.apache.catalina.core.StandardService   : Starting service [Tomcat]
2022-10-09 13:55:39.804  INFO 16692 --- [restartedMain] org.apache.catalina.core.StandardEngine  : Starting Servlet engine: [Apache Tomcat/9.0.65]
2022-10-09 13:55:39.873  INFO 16692 --- [restartedMain] o.a.c.c.C.[Tomcat].[localhost].[/]       : Initializing Spring embedded WebApplicationContext
2022-10-09 13:55:39.873  INFO 16692 --- [restartedMain] w.s.c.ServletWebServerApplicationContext : Root WebApplicationContext: initialization completed in 1263 ms
2022-10-09 13:55:41.478  INFO 16692 --- [restartedMain] o.s.b.d.a.OptionalLiveReloadServer       : LiveReload server is running on port 35729
2022-10-09 13:55:41.514  INFO 16692 --- [restartedMain] o.s.b.w.embedded.tomcat.TomcatWebServer  : Tomcat started on port(s): 8081 (http) with context path ''
2022-10-09 13:55:41.522  INFO 16692 --- [restartedMain] com.lvxiaomin.MelonApplication           : Started MelonApplication in 3.459 seconds (JVM running for 4.492)
2022-10-09 13:55:44.166  INFO 16692 --- [http-nio-8081-exec-1] o.a.c.c.C.[Tomcat].[localhost].[/]       : Initializing Spring DispatcherServlet 'dispatcherServlet'
2022-10-09 13:55:44.166  INFO 16692 --- [http-nio-8081-exec-1] o.s.web.servlet.DispatcherServlet        : Initializing Servlet 'dispatcherServlet'
2022-10-09 13:55:44.167  INFO 16692 --- [http-nio-8081-exec-1] o.s.web.servlet.DispatcherServlet        : Completed initialization in 1 ms
2022-10-09 13:55:44.320  INFO 16692 --- [http-nio-8081-exec-1] com.zaxxer.hikari.HikariDataSource       : HikariPool-1 - Starting...
2022-10-09 13:55:44.435  INFO 16692 --- [http-nio-8081-exec-1] com.zaxxer.hikari.HikariDataSource       : HikariPool-1 - Start completed.
2022-10-09 14:08:23.783  INFO 16692 --- [SpringApplicationShutdownHook] com.zaxxer.hikari.HikariDataSource       : HikariPool-1 - Shutdown initiated...
2022-10-09 14:08:23.796  INFO 16692 --- [SpringApplicationShutdownHook] com.zaxxer.hikari.HikariDataSource       : HikariPool-1 - Shutdown completed.
2022-10-09 14:08:30.373  INFO 14684 --- [restartedMain] com.lvxiaomin.MelonApplication           : Starting MelonApplication using Java 1.8.0_321 on ImMing with PID 14684 (H:\Users\75494\Desktop\melon\target\classes started by 75494 in H:\Users\75494\Desktop\melon)
2022-10-09 14:08:30.374  INFO 14684 --- [restartedMain] com.lvxiaomin.MelonApplication           : No active profile set, falling back to 1 default profile: "default"
2022-10-09 14:08:30.415  INFO 14684 --- [restartedMain] .e.DevToolsPropertyDefaultsPostProcessor : Devtools property defaults active! Set 'spring.devtools.add-properties' to 'false' to disable
2022-10-09 14:08:30.415  INFO 14684 --- [restartedMain] .e.DevToolsPropertyDefaultsPostProcessor : For additional web related logging consider setting the 'logging.level.web' property to 'DEBUG'
2022-10-09 14:08:31.039  INFO 14684 --- [restartedMain] .s.d.r.c.RepositoryConfigurationDelegate : Multiple Spring Data modules found, entering strict repository configuration mode
2022-10-09 14:08:31.041  INFO 14684 --- [restartedMain] .s.d.r.c.RepositoryConfigurationDelegate : Bootstrapping Spring Data Redis repositories in DEFAULT mode.
2022-10-09 14:08:31.061  INFO 14684 --- [restartedMain] .s.d.r.c.RepositoryConfigurationDelegate : Finished Spring Data repository scanning in 9 ms. Found 0 Redis repository interfaces.
2022-10-09 14:08:31.639  INFO 14684 --- [restartedMain] o.s.b.w.embedded.tomcat.TomcatWebServer  : Tomcat initialized with port(s): 8081 (http)
2022-10-09 14:08:31.647  INFO 14684 --- [restartedMain] o.apache.catalina.core.StandardService   : Starting service [Tomcat]
2022-10-09 14:08:31.647  INFO 14684 --- [restartedMain] org.apache.catalina.core.StandardEngine  : Starting Servlet engine: [Apache Tomcat/9.0.65]
2022-10-09 14:08:31.715  INFO 14684 --- [restartedMain] o.a.c.c.C.[Tomcat].[localhost].[/]       : Initializing Spring embedded WebApplicationContext
2022-10-09 14:08:31.716  INFO 14684 --- [restartedMain] w.s.c.ServletWebServerApplicationContext : Root WebApplicationContext: initialization completed in 1300 ms
2022-10-09 14:08:33.291  INFO 14684 --- [restartedMain] o.s.b.d.a.OptionalLiveReloadServer       : LiveReload server is running on port 35729
2022-10-09 14:08:33.326  INFO 14684 --- [restartedMain] o.s.b.w.embedded.tomcat.TomcatWebServer  : Tomcat started on port(s): 8081 (http) with context path ''
2022-10-09 14:08:33.336  INFO 14684 --- [restartedMain] com.lvxiaomin.MelonApplication           : Started MelonApplication in 3.477 seconds (JVM running for 4.614)
2022-10-09 14:08:35.781  INFO 14684 --- [http-nio-8081-exec-1] o.a.c.c.C.[Tomcat].[localhost].[/]       : Initializing Spring DispatcherServlet 'dispatcherServlet'
2022-10-09 14:08:35.781  INFO 14684 --- [http-nio-8081-exec-1] o.s.web.servlet.DispatcherServlet        : Initializing Servlet 'dispatcherServlet'
2022-10-09 14:08:35.782  INFO 14684 --- [http-nio-8081-exec-1] o.s.web.servlet.DispatcherServlet        : Completed initialization in 1 ms
2022-10-09 14:08:35.949  INFO 14684 --- [http-nio-8081-exec-3] com.zaxxer.hikari.HikariDataSource       : HikariPool-1 - Starting...
2022-10-09 14:08:36.077  INFO 14684 --- [http-nio-8081-exec-3] com.zaxxer.hikari.HikariDataSource       : HikariPool-1 - Start completed.
2022-10-09 14:08:36.174  WARN 14684 --- [http-nio-8081-exec-3] .m.m.a.ExceptionHandlerExceptionResolver : Resolved [org.springframework.jdbc.BadSqlGrammarException: <EOL><EOL>### Error updating database.  Cause: java.sql.SQLSyntaxErrorException: You have an error in your SQL syntax; check the manual that corresponds to your MySQL server version for the right syntax to use near '' at line 1<EOL><EOL>### The error may exist in com/lvxiaomin/mapper/UserMapper.java (best guess)<EOL><EOL>### The error may involve com.lvxiaomin.mapper.UserMapper.insert-Inline<EOL><EOL>### The error occurred while setting parameters<EOL><EOL>### SQL: INSERT INTO user    VALUES<EOL><EOL>### Cause: java.sql.SQLSyntaxErrorException: You have an error in your SQL syntax; check the manual that corresponds to your MySQL server version for the right syntax to use near '' at line 1<EOL>; bad SQL grammar []; nested exception is java.sql.SQLSyntaxErrorException: You have an error in your SQL syntax; check the manual that corresponds to your MySQL server version for the right syntax to use near '' at line 1]
2022-10-09 17:45:24.302  INFO 14684 --- [SpringApplicationShutdownHook] com.zaxxer.hikari.HikariDataSource       : HikariPool-1 - Shutdown initiated...
2022-10-09 17:45:24.329  INFO 14684 --- [SpringApplicationShutdownHook] com.zaxxer.hikari.HikariDataSource       : HikariPool-1 - Shutdown completed.
